<?xml version="1.0" encoding="UTF-8"?>
<testng-results skipped="2" failed="0" ignored="0" total="4" passed="2">
  <reporter-output>
  </reporter-output>
  <suite name="Running Automation Suite" duration-ms="39921" started-at="2018-09-05T07:22:39Z" finished-at="2018-09-05T07:23:19Z">
    <groups>
    </groups>
    <test name="Running Test A" duration-ms="20375" started-at="2018-09-05T07:22:39Z" finished-at="2018-09-05T07:23:00Z">
      <class name="com.qa.testcases.MyFirstTest">
        <test-method status="PASS" signature="setUp(java.lang.reflect.Method)[pri:0, instance:com.qa.testcases.MyFirstTest@6ff29830]" name="setUp" is-config="true" duration-ms="22" started-at="2018-09-05T07:22:39Z" finished-at="2018-09-05T07:22:39Z">
          <params>
            <param index="0">
              <value>
                <![CDATA[public void com.qa.testcases.MyFirstTest.myFirstTestt(java.util.Hashtable)]]>
              </value>
            </param>
          </params>
          <reporter-output>
          </reporter-output>
        </test-method> <!-- setUp -->
        <test-method status="SKIP" signature="myFirstTestt(java.util.Hashtable)[pri:0, instance:com.qa.testcases.MyFirstTest@6ff29830]" name="myFirstTestt" duration-ms="78" started-at="2018-09-05T07:22:39Z" data-provider="dataProvider" finished-at="2018-09-05T07:22:39Z">
          <params>
            <param index="0">
              <value>
                <![CDATA[{url=https://www.ashurst.com/, testdata=Vivek, runmode=N}]]>
              </value>
            </param>
          </params>
          <exception class="org.testng.SkipException">
            <message>
              <![CDATA[Runmode of the test data is set to NO]]>
            </message>
            <full-stacktrace>
              <![CDATA[org.testng.SkipException: Runmode of the test data is set to NO
at com.qa.util.readAndWriteData.runmodeCheck(readAndWriteData.java:75)
at com.qa.base.TestBase.initial_test_tasks(TestBase.java:78)
at com.qa.testcases.MyFirstTest.myFirstTestt(MyFirstTest.java:17)
at sun.reflect.NativeMethodAccessorImpl.invoke0(Native Method)
at sun.reflect.NativeMethodAccessorImpl.invoke(NativeMethodAccessorImpl.java:62)
at sun.reflect.DelegatingMethodAccessorImpl.invoke(DelegatingMethodAccessorImpl.java:43)
at java.lang.reflect.Method.invoke(Method.java:498)
at org.testng.internal.MethodInvocationHelper.invokeMethod(MethodInvocationHelper.java:124)
at org.testng.internal.Invoker.invokeMethod(Invoker.java:583)
at org.testng.internal.Invoker.invokeTestMethod(Invoker.java:719)
at org.testng.internal.Invoker.invokeTestMethods(Invoker.java:989)
at org.testng.internal.TestMethodWorker.invokeTestMethods(TestMethodWorker.java:125)
at org.testng.internal.TestMethodWorker.run(TestMethodWorker.java:109)
at org.testng.TestRunner.privateRun(TestRunner.java:648)
at org.testng.TestRunner.run(TestRunner.java:505)
at org.testng.SuiteRunner.runTest(SuiteRunner.java:455)
at org.testng.SuiteRunner.runSequentially(SuiteRunner.java:450)
at org.testng.SuiteRunner.privateRun(SuiteRunner.java:415)
at org.testng.SuiteRunner.run(SuiteRunner.java:364)
at org.testng.SuiteRunnerWorker.runSuite(SuiteRunnerWorker.java:52)
at org.testng.SuiteRunnerWorker.run(SuiteRunnerWorker.java:84)
at org.testng.TestNG.runSuitesSequentially(TestNG.java:1208)
at org.testng.TestNG.runSuitesLocally(TestNG.java:1137)
at org.testng.TestNG.runSuites(TestNG.java:1049)
at org.testng.TestNG.run(TestNG.java:1017)
at org.testng.remote.AbstractRemoteTestNG.run(AbstractRemoteTestNG.java:114)
at org.testng.remote.RemoteTestNG.initAndRun(RemoteTestNG.java:251)
at org.testng.remote.RemoteTestNG.main(RemoteTestNG.java:77)
]]>
            </full-stacktrace>
          </exception> <!-- org.testng.SkipException -->
          <reporter-output>
          </reporter-output>
        </test-method> <!-- myFirstTestt -->
        <test-method status="PASS" signature="tearDown()[pri:0, instance:com.qa.testcases.MyFirstTest@6ff29830]" name="tearDown" is-config="true" duration-ms="1" started-at="2018-09-05T07:22:39Z" finished-at="2018-09-05T07:22:39Z">
          <reporter-output>
          </reporter-output>
        </test-method> <!-- tearDown -->
        <test-method status="PASS" signature="setUp(java.lang.reflect.Method)[pri:0, instance:com.qa.testcases.MyFirstTest@6ff29830]" name="setUp" is-config="true" duration-ms="0" started-at="2018-09-05T07:22:39Z" finished-at="2018-09-05T07:22:39Z">
          <params>
            <param index="0">
              <value>
                <![CDATA[public void com.qa.testcases.MyFirstTest.myFirstTestt(java.util.Hashtable)]]>
              </value>
            </param>
          </params>
          <reporter-output>
          </reporter-output>
        </test-method> <!-- setUp -->
        <test-method status="PASS" signature="myFirstTestt(java.util.Hashtable)[pri:0, instance:com.qa.testcases.MyFirstTest@6ff29830]" name="myFirstTestt" duration-ms="18372" started-at="2018-09-05T07:22:39Z" data-provider="dataProvider" finished-at="2018-09-05T07:22:58Z">
          <params>
            <param index="0">
              <value>
                <![CDATA[{url=https://www.ashurst.com/, testdata=Dubey, runmode=Y}]]>
              </value>
            </param>
          </params>
          <reporter-output>
          </reporter-output>
        </test-method> <!-- myFirstTestt -->
        <test-method status="PASS" signature="tearDown()[pri:0, instance:com.qa.testcases.MyFirstTest@6ff29830]" name="tearDown" is-config="true" duration-ms="1713" started-at="2018-09-05T07:22:58Z" finished-at="2018-09-05T07:22:59Z">
          <reporter-output>
          </reporter-output>
        </test-method> <!-- tearDown -->
        <test-method status="PASS" signature="setUp(java.lang.reflect.Method)[pri:0, instance:com.qa.testcases.MyFirstTest@6ff29830]" name="setUp" is-config="true" duration-ms="1" started-at="2018-09-05T07:22:59Z" finished-at="2018-09-05T07:22:59Z">
          <params>
            <param index="0">
              <value>
                <![CDATA[public void com.qa.testcases.MyFirstTest.mySecondTestt(java.util.Hashtable)]]>
              </value>
            </param>
          </params>
          <reporter-output>
          </reporter-output>
        </test-method> <!-- setUp -->
        <test-method status="SKIP" signature="mySecondTestt(java.util.Hashtable)[pri:0, instance:com.qa.testcases.MyFirstTest@6ff29830]" name="mySecondTestt" duration-ms="41" started-at="2018-09-05T07:22:59Z" data-provider="dataProvider" finished-at="2018-09-05T07:23:00Z">
          <params>
            <param index="0">
              <value>
                <![CDATA[{url=https://www.ashurst.com/, testdata=Avinash, runmode=Y}]]>
              </value>
            </param>
          </params>
          <exception class="org.testng.SkipException">
            <message>
              <![CDATA[Runmode is NO]]>
            </message>
            <full-stacktrace>
              <![CDATA[org.testng.SkipException: Runmode is NO
at com.qa.util.readAndWriteData.runmodeCheck(readAndWriteData.java:71)
at com.qa.base.TestBase.initial_test_tasks(TestBase.java:78)
at com.qa.testcases.MyFirstTest.mySecondTestt(MyFirstTest.java:28)
at sun.reflect.NativeMethodAccessorImpl.invoke0(Native Method)
at sun.reflect.NativeMethodAccessorImpl.invoke(NativeMethodAccessorImpl.java:62)
at sun.reflect.DelegatingMethodAccessorImpl.invoke(DelegatingMethodAccessorImpl.java:43)
at java.lang.reflect.Method.invoke(Method.java:498)
at org.testng.internal.MethodInvocationHelper.invokeMethod(MethodInvocationHelper.java:124)
at org.testng.internal.Invoker.invokeMethod(Invoker.java:583)
at org.testng.internal.Invoker.invokeTestMethod(Invoker.java:719)
at org.testng.internal.Invoker.invokeTestMethods(Invoker.java:989)
at org.testng.internal.TestMethodWorker.invokeTestMethods(TestMethodWorker.java:125)
at org.testng.internal.TestMethodWorker.run(TestMethodWorker.java:109)
at org.testng.TestRunner.privateRun(TestRunner.java:648)
at org.testng.TestRunner.run(TestRunner.java:505)
at org.testng.SuiteRunner.runTest(SuiteRunner.java:455)
at org.testng.SuiteRunner.runSequentially(SuiteRunner.java:450)
at org.testng.SuiteRunner.privateRun(SuiteRunner.java:415)
at org.testng.SuiteRunner.run(SuiteRunner.java:364)
at org.testng.SuiteRunnerWorker.runSuite(SuiteRunnerWorker.java:52)
at org.testng.SuiteRunnerWorker.run(SuiteRunnerWorker.java:84)
at org.testng.TestNG.runSuitesSequentially(TestNG.java:1208)
at org.testng.TestNG.runSuitesLocally(TestNG.java:1137)
at org.testng.TestNG.runSuites(TestNG.java:1049)
at org.testng.TestNG.run(TestNG.java:1017)
at org.testng.remote.AbstractRemoteTestNG.run(AbstractRemoteTestNG.java:114)
at org.testng.remote.RemoteTestNG.initAndRun(RemoteTestNG.java:251)
at org.testng.remote.RemoteTestNG.main(RemoteTestNG.java:77)
]]>
            </full-stacktrace>
          </exception> <!-- org.testng.SkipException -->
          <reporter-output>
          </reporter-output>
        </test-method> <!-- mySecondTestt -->
        <test-method status="PASS" signature="tearDown()[pri:0, instance:com.qa.testcases.MyFirstTest@6ff29830]" name="tearDown" is-config="true" duration-ms="1" started-at="2018-09-05T07:23:00Z" finished-at="2018-09-05T07:23:00Z">
          <reporter-output>
          </reporter-output>
        </test-method> <!-- tearDown -->
      </class> <!-- com.qa.testcases.MyFirstTest -->
    </test> <!-- Running Test A -->
    <test name="Running Test B" duration-ms="19510" started-at="2018-09-05T07:23:00Z" finished-at="2018-09-05T07:23:19Z">
      <class name="com.qa.testcases.LoginPageTest">
        <test-method status="PASS" signature="setUp(java.lang.reflect.Method)[pri:0, instance:com.qa.testcases.LoginPageTest@3cc1435c]" name="setUp" is-config="true" duration-ms="0" started-at="2018-09-05T07:23:00Z" finished-at="2018-09-05T07:23:00Z">
          <params>
            <param index="0">
              <value>
                <![CDATA[public void com.qa.testcases.LoginPageTest.loginPageTitleTest()]]>
              </value>
            </param>
          </params>
          <reporter-output>
          </reporter-output>
        </test-method> <!-- setUp -->
        <test-method status="PASS" signature="loginPageTitleTest()[pri:0, instance:com.qa.testcases.LoginPageTest@3cc1435c]" name="loginPageTitleTest" duration-ms="17666" started-at="2018-09-05T07:23:00Z" finished-at="2018-09-05T07:23:17Z">
          <reporter-output>
          </reporter-output>
        </test-method> <!-- loginPageTitleTest -->
        <test-method status="PASS" signature="tearDown()[pri:0, instance:com.qa.testcases.LoginPageTest@3cc1435c]" name="tearDown" is-config="true" duration-ms="1840" started-at="2018-09-05T07:23:17Z" finished-at="2018-09-05T07:23:19Z">
          <reporter-output>
          </reporter-output>
        </test-method> <!-- tearDown -->
      </class> <!-- com.qa.testcases.LoginPageTest -->
    </test> <!-- Running Test B -->
  </suite> <!-- Running Automation Suite -->
</testng-results>
